<?xml version="1.0" encoding="UTF-8" ?>
<testsuite tests="5" failures="1" name="TestSuite" time="70.904" errors="0" skipped="0">
  <properties>
[...]
</properties>
  <testcase classname="DocquityWeb.DocQT.Test.GrandRoundTest" name="clickStartAPost" time="23.706"/>
  <testcase classname="DocquityWeb.DocQT.Test.GrandRoundTest" name="verifyOptionsUnderDiscussion" time="10.972"/>
  <testcase classname="DocquityWeb.DocQT.Test.GrandRoundTest" name="verifyOptionsUnderDocquityExclusive" time="11.695"/>
  <testcase classname="DocquityWeb.DocQT.Test.GrandRoundTest" name="verifyOptionsUnderLearning" time="11.639">
    <failure message="Webinars Text is not visible expected [Webins] but found [Webinars]" type="java.lang.AssertionError">java.lang.AssertionError: Webinars Text is not visible expected [Webins] but found [Webinars]
	at org.testng.Assert.fail(Assert.java:97)
	at org.testng.Assert.assertEqualsImpl(Assert.java:136)
	at org.testng.Assert.assertEquals(Assert.java:118)
	at org.testng.Assert.assertEquals(Assert.java:575)
	at DocquityWeb.DocQT.Page.HomePage.verifyWebinarsIsVisible(HomePage.java:175)
	at DocquityWeb.DocQT.Test.GrandRoundTest.verifyOptionsUnderLearning(GrandRoundTest.java:55)
</failure>
    <system-out>[DEBUG] 2022-07-25 13:34:40.984 [main] BaseTest - &lt;br&gt;XXXXXXXXXXXXXXXXXXXXXXX             -E---N---D-             XXXXXXXXXXXXXXXXXXXXXX
[DEBUG] 2022-07-25 13:34:40.984 [main] BaseTest - &lt;br&gt;X
[DEBUG] 2022-07-25 13:34:40.984 [main] BaseTest - &lt;br&gt;X
[DEBUG] 2022-07-25 13:34:40.984 [main] BaseTest - &lt;br&gt;X
[DEBUG] 2022-07-25 13:34:41.582 [main] BaseTest - &lt;br&gt;****************************************************************************************
[DEBUG] 2022-07-25 13:34:41.582 [main] BaseTest - &lt;br&gt;****************************************************************************************
[DEBUG] 2022-07-25 13:34:41.582 [main] BaseTest - &lt;br&gt;$$$$$$$$$$$$$$$$$$$$              verifyOptionsUnderLearning       $$$$$$$$$$$$$$$$$$$$$$$
[DEBUG] 2022-07-25 13:34:41.582 [main] BaseTest - &lt;br&gt;****************************************************************************************
[DEBUG] 2022-07-25 13:34:41.582 [main] BaseTest - &lt;br&gt;****************************************************************************************
[DEBUG] 2022-07-25 13:34:41.582 [main] BaseTest - &lt;br&gt;*******************        Initializing Browser       ****************************
[INFO ] 2022-07-25 13:34:41.582 [main] BaseTest - &lt;br&gt;*******************        Opening Chrome Browser       ***************************
[DEBUG] 2022-07-25 13:34:49.039 [main] TestUtils - Calculating the page load time
[INFO ] 2022-07-25 13:34:49.045 [main] TestUtils - Page load time calculated in seconds is 6.339
[INFO ] 2022-07-25 13:34:49.045 [main] LoginPage - Entering the mobile number9716720366
[DEBUG] 2022-07-25 13:34:49.045 [main] TestUtils - Waiting for element to be visible
[INFO ] 2022-07-25 13:34:49.171 [main] LoginPage - Trying to click on the Request OTP button
[DEBUG] 2022-07-25 13:34:49.171 [main] TestUtils - Waiting for element to be clickable 
[INFO ] 2022-07-25 13:34:49.278 [main] LoginPage - Trying to enter the OTP1234
[DEBUG] 2022-07-25 13:34:49.278 [main] TestUtils - Waiting for element to be visible
[INFO ] 2022-07-25 13:34:50.328 [main] LoginPage - Trying to click on the Verify Button
[DEBUG] 2022-07-25 13:34:50.328 [main] TestUtils - Waiting for element to be clickable 
[INFO ] 2022-07-25 13:34:50.428 [main] HomePage - Waiting for home page to be visible
[DEBUG] 2022-07-25 13:34:50.428 [main] TestUtils - Calculating the page load time
[INFO ] 2022-07-25 13:34:50.445 [main] TestUtils - Page load time calculated in seconds is 6.339
[DEBUG] 2022-07-25 13:34:50.446 [main] TestUtils - Waiting for element to be visible
[INFO ] 2022-07-25 13:34:53.996 [main] HomePage - Verify visibility of discussion section
[DEBUG] 2022-07-25 13:34:53.996 [main] TestUtils - Waiting for element to be visible
[INFO ] 2022-07-25 13:34:54.055 [main] HomePage - Verify visibility of articles under the learning
[DEBUG] 2022-07-25 13:34:54.056 [main] TestUtils - Waiting for element to be visible
[INFO ] 2022-07-25 13:34:54.127 [main] HomePage - Verify visibility of cpd under the learning
[DEBUG] 2022-07-25 13:34:54.127 [main] TestUtils - Waiting for element to be visible
[INFO ] 2022-07-25 13:34:54.186 [main] HomePage - Verify visibility of doctalks under the learning
[DEBUG] 2022-07-25 13:34:54.186 [main] TestUtils - Waiting for element to be visible
[INFO ] 2022-07-25 13:34:54.234 [main] HomePage - Verify visibility of webinars under the learning
[DEBUG] 2022-07-25 13:34:54.234 [main] TestUtils - Waiting for element to be visible
</system-out>
    <system-err>Starting ChromeDriver 103.0.5060.134 (8ec6fce403b3feb0869b0732eda8bd95011d333c-refs/branch-heads/5060@{#1262}) on port 16732
Only local connections are allowed.
Please see https://chromedriver.chromium.org/security-considerations for suggestions on keeping ChromeDriver safe.
ChromeDriver was started successfully.
Jul 25, 2022 1:34:42 PM org.openqa.selenium.remote.ProtocolHandshake createSession
INFO: Detected dialect: W3C
</system-err>
  </testcase>
  <testcase classname="DocquityWeb.DocQT.Test.LoginTest" name="verifySuccessfulUserLogin" time="12.892"/>
</testsuite>