<?xml version="1.0" encoding="UTF-8"?>
<testng-results ignored="0" total="1" passed="1" failed="0" skipped="0">
  <reporter-output>
  </reporter-output>
  <suite started-at="2022-11-20T01:16:42 IST" name="Default suite" finished-at="2022-11-20T01:16:49 IST" duration-ms="6629">
    <groups>
    </groups>
    <test started-at="2022-11-20T01:16:42 IST" name="Default test" finished-at="2022-11-20T01:16:49 IST" duration-ms="6629">
      <class name="Pooja.UserDropDownTest">
        <test-method is-config="true" signature="pj()[pri:0, instance:Pooja.UserDropDownTest@3a44431a]" started-at="2022-11-20T01:16:42 IST" name="pj" finished-at="2022-11-20T01:16:49 IST" duration-ms="6591" status="PASS">
          <reporter-output>
          </reporter-output>
        </test-method> <!-- pj -->
        <test-method signature="tset1()[pri:0, instance:Pooja.UserDropDownTest@3a44431a]" started-at="2022-11-20T01:16:49 IST" name="tset1" finished-at="2022-11-20T01:16:49 IST" duration-ms="7" status="PASS">
          <reporter-output>
          </reporter-output>
        </test-method> <!-- tset1 -->
      </class> <!-- Pooja.UserDropDownTest -->
    </test> <!-- Default test -->
  </suite> <!-- Default suite -->
</testng-results>
