<?xml version="1.0" encoding="UTF-8"?>
<!-- Generated by org.testng.reporters.JUnitXMLReporter -->
<testsuite hostname="ZLDEL159" ignored="81" name="GroupTest" tests="5" failures="0" timestamp="11 Jul 2020 16:02:20 GMT" time="32.041" errors="0">
  <testcase name="verifyValidUsernameAndValidPassword" time="5.898" classname="HerokuApp.Heroku.Test.FormAuthenticationTest"/>
  <testcase name="verifyInValidUsernameAndValidPassword" time="3.706" classname="HerokuApp.Heroku.Test.FormAuthenticationTest"/>
  <testcase name="verifyValidUsernameAndInvalidPassword" time="1.674" classname="HerokuApp.Heroku.Test.FormAuthenticationTest"/>
  <testcase name="verifyFindBrokenIamges" time="8.517" classname="HerokuApp.Heroku.Test.FindBrokenImagesTest"/>
  <testcase name="verifyInValidUsernameAndInValidPassword" time="2.042" classname="HerokuApp.Heroku.Test.FormAuthenticationTest"/>
  <testcase name="verifyForgotPasswordEmailTry" time="0.0" classname="HerokuApp.Heroku.Test.ForgotPasswordTest">
    <ignored/>
  </testcase> <!-- verifyForgotPasswordEmailTry -->
  <testcase name="verifyDynamicControlsCheckbox" time="0.0" classname="HerokuApp.Heroku.Test.DynamicContentTest">
    <ignored/>
  </testcase> <!-- verifyDynamicControlsCheckbox -->
  <testcase name="verifyEntyrAdTest" time="0.0" classname="HerokuApp.Heroku.Test.EntryAdTest">
    <ignored/>
  </testcase> <!-- verifyEntyrAdTest -->
  <testcase name="handleDropdown" time="0.0" classname="HerokuApp.Heroku.Test.DropdownTest">
    <ignored/>
  </testcase> <!-- handleDropdown -->
  <testcase name="verifyHorizontalSlider" time="0.0" classname="HerokuApp.Heroku.Test.HorizontalSliderTest">
    <ignored/>
  </testcase> <!-- verifyHorizontalSlider -->
  <testcase name="CancelJSAlert" time="0.0" classname="HerokuApp.Heroku.Test.JSAlertsTest">
    <ignored/>
  </testcase> <!-- CancelJSAlert -->
  <testcase name="verifyDynamicLoading2" time="0.0" classname="HerokuApp.Heroku.Test.DynamicLoadingTest">
    <ignored/>
  </testcase> <!-- verifyDynamicLoading2 -->
  <testcase name="verifyDragAndDropTest" time="0.0" classname="HerokuApp.Heroku.Test.DragAndDropTest">
    <ignored/>
  </testcase> <!-- verifyDragAndDropTest -->
  <testcase name="verifyContextMenu2" time="0.0" classname="HerokuApp.Heroku.Test.ContextMenuTest">
    <ignored/>
  </testcase> <!-- verifyContextMenu2 -->
  <testcase name="verifyContextMenu" time="0.0" classname="HerokuApp.Heroku.Test.ContextMenuTest">
    <ignored/>
  </testcase> <!-- verifyContextMenu -->
  <testcase name="verifyJSConfirm" time="0.0" classname="HerokuApp.Heroku.Test.JSAlertsTest">
    <ignored/>
  </testcase> <!-- verifyJSConfirm -->
  <testcase name="verifyNumerixcField" time="0.0" classname="HerokuApp.Heroku.Test.InputsTest">
    <ignored/>
  </testcase> <!-- verifyNumerixcField -->
  <testcase name="@BeforeSuite beforeSuite" time="0.0" classname="HerokuApp.Heroku.Test.BaseTest">
    <ignored/>
  </testcase> <!-- @BeforeSuite beforeSuite -->
  <testcase name="@BeforeSuite beforeSuite" time="0.0" classname="HerokuApp.Heroku.Test.BaseTest">
    <ignored/>
  </testcase> <!-- @BeforeSuite beforeSuite -->
  <testcase name="@BeforeSuite beforeSuite" time="0.0" classname="HerokuApp.Heroku.Test.BaseTest">
    <ignored/>
  </testcase> <!-- @BeforeSuite beforeSuite -->
  <testcase name="@BeforeSuite beforeSuite" time="0.0" classname="HerokuApp.Heroku.Test.BaseTest">
    <ignored/>
  </testcase> <!-- @BeforeSuite beforeSuite -->
  <testcase name="@BeforeSuite beforeSuite" time="0.0" classname="HerokuApp.Heroku.Test.BaseTest">
    <ignored/>
  </testcase> <!-- @BeforeSuite beforeSuite -->
  <testcase name="@BeforeSuite beforeSuite" time="0.0" classname="HerokuApp.Heroku.Test.BaseTest">
    <ignored/>
  </testcase> <!-- @BeforeSuite beforeSuite -->
  <testcase name="@BeforeSuite beforeSuite" time="0.0" classname="HerokuApp.Heroku.Test.BaseTest">
    <ignored/>
  </testcase> <!-- @BeforeSuite beforeSuite -->
  <testcase name="@BeforeSuite beforeSuite" time="0.0" classname="HerokuApp.Heroku.Test.BaseTest">
    <ignored/>
  </testcase> <!-- @BeforeSuite beforeSuite -->
  <testcase name="@BeforeSuite beforeSuite" time="0.0" classname="HerokuApp.Heroku.Test.BaseTest">
    <ignored/>
  </testcase> <!-- @BeforeSuite beforeSuite -->
  <testcase name="@BeforeSuite beforeSuite" time="0.0" classname="HerokuApp.Heroku.Test.BaseTest">
    <ignored/>
  </testcase> <!-- @BeforeSuite beforeSuite -->
  <testcase name="@BeforeSuite beforeSuite" time="0.0" classname="HerokuApp.Heroku.Test.BaseTest">
    <ignored/>
  </testcase> <!-- @BeforeSuite beforeSuite -->
  <testcase name="@BeforeSuite beforeSuite" time="0.0" classname="HerokuApp.Heroku.Test.BaseTest">
    <ignored/>
  </testcase> <!-- @BeforeSuite beforeSuite -->
  <testcase name="@BeforeSuite beforeSuite" time="0.0" classname="HerokuApp.Heroku.Test.BaseTest">
    <ignored/>
  </testcase> <!-- @BeforeSuite beforeSuite -->
  <testcase name="@BeforeSuite beforeSuite" time="0.0" classname="HerokuApp.Heroku.Test.BaseTest">
    <ignored/>
  </testcase> <!-- @BeforeSuite beforeSuite -->
  <testcase name="@BeforeSuite beforeSuite" time="0.0" classname="HerokuApp.Heroku.Test.BaseTest">
    <ignored/>
  </testcase> <!-- @BeforeSuite beforeSuite -->
  <testcase name="@BeforeTest beforeTest" time="0.0" classname="HerokuApp.Heroku.Test.BaseTest">
    <ignored/>
  </testcase> <!-- @BeforeTest beforeTest -->
  <testcase name="@BeforeTest beforeTest" time="0.0" classname="HerokuApp.Heroku.Test.BaseTest">
    <ignored/>
  </testcase> <!-- @BeforeTest beforeTest -->
  <testcase name="@BeforeTest beforeTest" time="0.0" classname="HerokuApp.Heroku.Test.BaseTest">
    <ignored/>
  </testcase> <!-- @BeforeTest beforeTest -->
  <testcase name="@BeforeTest beforeTest" time="0.0" classname="HerokuApp.Heroku.Test.BaseTest">
    <ignored/>
  </testcase> <!-- @BeforeTest beforeTest -->
  <testcase name="@BeforeTest beforeTest" time="0.0" classname="HerokuApp.Heroku.Test.BaseTest">
    <ignored/>
  </testcase> <!-- @BeforeTest beforeTest -->
  <testcase name="@BeforeTest beforeTest" time="0.0" classname="HerokuApp.Heroku.Test.BaseTest">
    <ignored/>
  </testcase> <!-- @BeforeTest beforeTest -->
  <testcase name="@BeforeTest beforeTest" time="0.0" classname="HerokuApp.Heroku.Test.BaseTest">
    <ignored/>
  </testcase> <!-- @BeforeTest beforeTest -->
  <testcase name="@BeforeTest beforeTest" time="0.0" classname="HerokuApp.Heroku.Test.BaseTest">
    <ignored/>
  </testcase> <!-- @BeforeTest beforeTest -->
  <testcase name="@BeforeTest beforeTest" time="0.0" classname="HerokuApp.Heroku.Test.BaseTest">
    <ignored/>
  </testcase> <!-- @BeforeTest beforeTest -->
  <testcase name="@BeforeTest beforeTest" time="0.0" classname="HerokuApp.Heroku.Test.BaseTest">
    <ignored/>
  </testcase> <!-- @BeforeTest beforeTest -->
  <testcase name="@BeforeTest beforeTest" time="0.0" classname="HerokuApp.Heroku.Test.BaseTest">
    <ignored/>
  </testcase> <!-- @BeforeTest beforeTest -->
  <testcase name="@BeforeTest beforeTest" time="0.0" classname="HerokuApp.Heroku.Test.BaseTest">
    <ignored/>
  </testcase> <!-- @BeforeTest beforeTest -->
  <testcase name="@BeforeTest beforeTest" time="0.0" classname="HerokuApp.Heroku.Test.BaseTest">
    <ignored/>
  </testcase> <!-- @BeforeTest beforeTest -->
  <testcase name="@BeforeTest beforeTest" time="0.0" classname="HerokuApp.Heroku.Test.BaseTest">
    <ignored/>
  </testcase> <!-- @BeforeTest beforeTest -->
  <testcase name="@BeforeTest beforeTest" time="0.0" classname="HerokuApp.Heroku.Test.BaseTest">
    <ignored/>
  </testcase> <!-- @BeforeTest beforeTest -->
  <testcase name="verifyCheckBoxPage" time="0.0" classname="HerokuApp.Heroku.Test.CheckBoxTest">
    <ignored/>
  </testcase> <!-- verifyCheckBoxPage -->
  <testcase name="verifyJSPrompt" time="0.0" classname="HerokuApp.Heroku.Test.JSAlertsTest">
    <ignored/>
  </testcase> <!-- verifyJSPrompt -->
  <testcase name="verifyDynamicLoading" time="0.0" classname="HerokuApp.Heroku.Test.DynamicLoadingTest">
    <ignored/>
  </testcase> <!-- verifyDynamicLoading -->
  <testcase name="verifyCheckBoxPage2" time="0.0" classname="HerokuApp.Heroku.Test.CheckBoxTest">
    <ignored/>
  </testcase> <!-- verifyCheckBoxPage2 -->
  <testcase name="verifyHoverFunctionality" time="0.0" classname="HerokuApp.Heroku.Test.HoverTest">
    <ignored/>
  </testcase> <!-- verifyHoverFunctionality -->
  <testcase name="@AfterSuite afterSuite" time="0.0" classname="HerokuApp.Heroku.Test.BaseTest">
    <ignored/>
  </testcase> <!-- @AfterSuite afterSuite -->
  <testcase name="@AfterSuite afterSuite" time="0.0" classname="HerokuApp.Heroku.Test.BaseTest">
    <ignored/>
  </testcase> <!-- @AfterSuite afterSuite -->
  <testcase name="@AfterSuite afterSuite" time="0.0" classname="HerokuApp.Heroku.Test.BaseTest">
    <ignored/>
  </testcase> <!-- @AfterSuite afterSuite -->
  <testcase name="@AfterSuite afterSuite" time="0.0" classname="HerokuApp.Heroku.Test.BaseTest">
    <ignored/>
  </testcase> <!-- @AfterSuite afterSuite -->
  <testcase name="@AfterSuite afterSuite" time="0.0" classname="HerokuApp.Heroku.Test.BaseTest">
    <ignored/>
  </testcase> <!-- @AfterSuite afterSuite -->
  <testcase name="@AfterSuite afterSuite" time="0.0" classname="HerokuApp.Heroku.Test.BaseTest">
    <ignored/>
  </testcase> <!-- @AfterSuite afterSuite -->
  <testcase name="@AfterSuite afterSuite" time="0.0" classname="HerokuApp.Heroku.Test.BaseTest">
    <ignored/>
  </testcase> <!-- @AfterSuite afterSuite -->
  <testcase name="@AfterSuite afterSuite" time="0.0" classname="HerokuApp.Heroku.Test.BaseTest">
    <ignored/>
  </testcase> <!-- @AfterSuite afterSuite -->
  <testcase name="@AfterSuite afterSuite" time="0.0" classname="HerokuApp.Heroku.Test.BaseTest">
    <ignored/>
  </testcase> <!-- @AfterSuite afterSuite -->
  <testcase name="@AfterSuite afterSuite" time="0.0" classname="HerokuApp.Heroku.Test.BaseTest">
    <ignored/>
  </testcase> <!-- @AfterSuite afterSuite -->
  <testcase name="@AfterSuite afterSuite" time="0.0" classname="HerokuApp.Heroku.Test.BaseTest">
    <ignored/>
  </testcase> <!-- @AfterSuite afterSuite -->
  <testcase name="@AfterSuite afterSuite" time="0.0" classname="HerokuApp.Heroku.Test.BaseTest">
    <ignored/>
  </testcase> <!-- @AfterSuite afterSuite -->
  <testcase name="@AfterSuite afterSuite" time="0.0" classname="HerokuApp.Heroku.Test.BaseTest">
    <ignored/>
  </testcase> <!-- @AfterSuite afterSuite -->
  <testcase name="@AfterSuite afterSuite" time="0.0" classname="HerokuApp.Heroku.Test.BaseTest">
    <ignored/>
  </testcase> <!-- @AfterSuite afterSuite -->
  <testcase name="@AfterSuite afterSuite" time="0.0" classname="HerokuApp.Heroku.Test.BaseTest">
    <ignored/>
  </testcase> <!-- @AfterSuite afterSuite -->
  <testcase name="verifyDynamicControlsButton" time="0.0" classname="HerokuApp.Heroku.Test.DynamicContentTest">
    <ignored/>
  </testcase> <!-- verifyDynamicControlsButton -->
  <testcase name="verifyExitIntent" time="0.0" classname="HerokuApp.Heroku.Test.ExitIntentTest">
    <ignored/>
  </testcase> <!-- verifyExitIntent -->
  <testcase name="verifyJSAlert" time="0.0" classname="HerokuApp.Heroku.Test.JSAlertsTest">
    <ignored/>
  </testcase> <!-- verifyJSAlert -->
  <testcase name="verifyDownloadFile" time="0.0" classname="HerokuApp.Heroku.Test.DownloadFileTest">
    <ignored/>
  </testcase> <!-- verifyDownloadFile -->
  <testcase name="@AfterTest tearDownAfterTest" time="0.0" classname="HerokuApp.Heroku.Test.BaseTest">
    <ignored/>
  </testcase> <!-- @AfterTest tearDownAfterTest -->
  <testcase name="@AfterTest tearDownAfterTest" time="0.0" classname="HerokuApp.Heroku.Test.BaseTest">
    <ignored/>
  </testcase> <!-- @AfterTest tearDownAfterTest -->
  <testcase name="@AfterTest tearDownAfterTest" time="0.0" classname="HerokuApp.Heroku.Test.BaseTest">
    <ignored/>
  </testcase> <!-- @AfterTest tearDownAfterTest -->
  <testcase name="@AfterTest tearDownAfterTest" time="0.0" classname="HerokuApp.Heroku.Test.BaseTest">
    <ignored/>
  </testcase> <!-- @AfterTest tearDownAfterTest -->
  <testcase name="@AfterTest tearDownAfterTest" time="0.0" classname="HerokuApp.Heroku.Test.BaseTest">
    <ignored/>
  </testcase> <!-- @AfterTest tearDownAfterTest -->
  <testcase name="@AfterTest tearDownAfterTest" time="0.0" classname="HerokuApp.Heroku.Test.BaseTest">
    <ignored/>
  </testcase> <!-- @AfterTest tearDownAfterTest -->
  <testcase name="@AfterTest tearDownAfterTest" time="0.0" classname="HerokuApp.Heroku.Test.BaseTest">
    <ignored/>
  </testcase> <!-- @AfterTest tearDownAfterTest -->
  <testcase name="@AfterTest tearDownAfterTest" time="0.0" classname="HerokuApp.Heroku.Test.BaseTest">
    <ignored/>
  </testcase> <!-- @AfterTest tearDownAfterTest -->
  <testcase name="@AfterTest tearDownAfterTest" time="0.0" classname="HerokuApp.Heroku.Test.BaseTest">
    <ignored/>
  </testcase> <!-- @AfterTest tearDownAfterTest -->
  <testcase name="@AfterTest tearDownAfterTest" time="0.0" classname="HerokuApp.Heroku.Test.BaseTest">
    <ignored/>
  </testcase> <!-- @AfterTest tearDownAfterTest -->
  <testcase name="@AfterTest tearDownAfterTest" time="0.0" classname="HerokuApp.Heroku.Test.BaseTest">
    <ignored/>
  </testcase> <!-- @AfterTest tearDownAfterTest -->
  <testcase name="@AfterTest tearDownAfterTest" time="0.0" classname="HerokuApp.Heroku.Test.BaseTest">
    <ignored/>
  </testcase> <!-- @AfterTest tearDownAfterTest -->
  <testcase name="@AfterTest tearDownAfterTest" time="0.0" classname="HerokuApp.Heroku.Test.BaseTest">
    <ignored/>
  </testcase> <!-- @AfterTest tearDownAfterTest -->
  <testcase name="@AfterTest tearDownAfterTest" time="0.0" classname="HerokuApp.Heroku.Test.BaseTest">
    <ignored/>
  </testcase> <!-- @AfterTest tearDownAfterTest -->
  <testcase name="@AfterTest tearDownAfterTest" time="0.0" classname="HerokuApp.Heroku.Test.BaseTest">
    <ignored/>
  </testcase> <!-- @AfterTest tearDownAfterTest -->
</testsuite> <!-- GroupTest -->
